<?xml version="1.0" encoding="UTF-8"?>
<!-- Generated by org.testng.reporters.JUnitReportReporter -->
<testsuite skipped="0" hostname="DESKTOP-GQF8HD8" name="com.RestAPI.Login" tests="1" failures="0" timestamp="29 May 2019 13:29:45 GMT" time="4.659" errors="0">
  <testcase name="post" time="4.659" classname="com.RestAPI.Login"/>
</testsuite> <!-- com.RestAPI.Login -->
