<?xml version="1.0" encoding="UTF-8"?>
<!-- Generated by org.testng.reporters.JUnitReportReporter -->
<testsuite skipped="0" hostname="DESKTOP-GQF8HD8" name="com.RestAPI.RestAPI" tests="1" failures="0" timestamp="28 May 2019 02:13:49 GMT" time="4.522" errors="0">
  <testcase name="post" time="4.522" classname="com.RestAPI.RestAPI"/>
</testsuite> <!-- com.RestAPI.RestAPI -->
